22:08:34 **** Build of configuration Debug for project HMI_ECU2 ****
make all 
Building target: HMI_ECU2.elf
Invoking: AVR C Linker
avr-gcc -Wl,-Map,HMI_ECU2.map -mmcu=atmega32 -o "HMI_ECU2.elf"  ./HMI.o ./gpio.o ./keypad.o ./lcd.o ./main.o ./timer1.o ./uart.o   
Finished building target: HMI_ECU2.elf
 
Invoking: AVR Create Extended Listing
avr-objdump -h -S HMI_ECU2.elf  >"HMI_ECU2.lss"
Finished building: HMI_ECU2.lss
 
Invoking: Print Size
avr-size --format=avr --mcu=atmega32 HMI_ECU2.elf
AVR Memory Usage
----------------
Device: atmega32

Program:   12140 bytes (37.0% Full)
(.text + .data + .bootloader)

Data:         12 bytes (0.6% Full)
(.data + .bss + .noinit)


Finished building: sizedummy
 

22:08:35 Build Finished. 0 errors, 0 warnings. (took 356ms)

